SF:lib/data_bound_resource.dart
DA:14,1
DA:18,1
DA:20,1
DA:21,1
DA:22,1
DA:25,1
DA:26,1
DA:29,1
DA:32,1
DA:33,3
DA:34,0
DA:39,3
DA:41,0
DA:45,3
DA:47,1
DA:51,1
DA:53,2
DA:54,1
DA:59,0
DA:60,0
DA:61,0
DA:66,0
DA:68,1
DA:72,0
DA:73,0
DA:78,1
DA:80,3
DA:81,2
DA:82,0
DA:83,0
DA:84,0
DA:90,2
DA:91,1
DA:95,0
DA:99,1
DA:100,3
LF:36
LH:24
end_of_record
SF:lib/datasources/local/database/dao/data_access_object_impl.dart
DA:11,3
DA:13,2
DA:15,1
DA:18,1
DA:19,1
DA:21,4
DA:24,1
DA:26,1
DA:28,1
DA:33,1
DA:36,1
DA:37,1
DA:38,2
DA:39,1
DA:40,1
DA:45,1
DA:46,2
DA:48,2
DA:51,1
DA:52,1
DA:53,1
DA:58,1
DA:64,1
DA:66,1
DA:70,1
DA:71,1
DA:72,1
DA:75,1
DA:76,2
DA:79,1
DA:85,1
DA:87,1
DA:92,1
DA:93,2
DA:98,1
DA:102,1
DA:104,2
DA:107,1
DA:108,5
DA:110,1
DA:111,1
DA:113,2
DA:116,1
DA:119,1
DA:124,1
DA:125,5
DA:126,4
DA:128,1
DA:129,1
DA:134,1
DA:136,1
DA:137,3
DA:141,1
DA:143,1
DA:144,1
DA:148,1
DA:149,1
DA:150,1
DA:151,1
DA:155,1
DA:156,2
LF:61
LH:61
end_of_record
SF:lib/datasources/local/local_resource_strategy.dart
DA:5,1
DA:8,1
LF:2
LH:2
end_of_record
SF:lib/datasources/remote/remote_resource_trategy.dart
DA:5,1
DA:9,1
LF:2
LH:2
end_of_record
SF:lib/datasources/remote/response/response_wrapper.dart
DA:8,1
DA:12,3
DA:13,0
LF:3
LH:2
end_of_record
SF:lib/resource.dart
DA:6,0
DA:8,1
DA:12,1
DA:21,0
LF:4
LH:2
end_of_record
SF:lib/datasources/resource_strategy.dart
DA:6,1
LF:1
LH:1
end_of_record
SF:lib/result.dart
DA:14,3
DA:16,1
DA:17,2
DA:19,3
DA:21,1
DA:22,2
DA:23,1
DA:26,1
DA:27,3
DA:28,2
DA:31,2
DA:32,2
DA:36,0
DA:43,0
DA:44,0
DA:45,0
DA:47,0
DA:48,0
DA:49,0
DA:55,0
DA:56,0
LF:21
LH:12
end_of_record
SF:lib/datasources/remote/client/http_client.dart
DA:19,0
DA:20,0
DA:22,0
DA:23,0
DA:24,0
DA:25,0
DA:28,0
DA:32,0
DA:33,0
DA:34,0
DA:36,0
DA:38,0
DA:39,0
DA:42,0
DA:43,0
DA:45,0
DA:46,0
DA:47,0
DA:48,0
DA:50,0
DA:51,0
DA:52,0
DA:53,0
DA:58,0
DA:59,0
DA:62,0
DA:64,0
DA:65,0
DA:66,0
DA:67,0
DA:71,0
DA:76,0
DA:80,0
DA:81,0
DA:83,0
DA:84,0
DA:85,0
DA:87,0
DA:90,0
DA:95,0
DA:98,0
DA:99,0
DA:101,0
DA:102,0
DA:106,0
DA:107,0
DA:108,0
DA:109,0
DA:110,0
DA:114,0
DA:116,0
DA:122,0
DA:123,0
DA:126,0
DA:127,0
DA:131,0
DA:132,0
DA:135,0
DA:140,0
DA:142,0
DA:143,0
DA:148,0
DA:153,0
DA:154,0
DA:158,0
DA:162,0
DA:164,0
DA:168,0
DA:170,0
DA:178,0
DA:185,0
DA:190,0
DA:191,0
LF:73
LH:0
end_of_record
SF:lib/datasources/remote/client/request/multipart_request.dart
DA:9,0
LF:1
LH:0
end_of_record
SF:lib/datasources/remote/client/request/request.dart
DA:11,0
LF:1
LH:0
end_of_record
